2018-02-20 17:15:47,179 - com.qspiders.KeyDriver - INFO - **********************Starting Frame Work**********************
2018-02-20 17:15:51,255 - com.qspiders.KeyDriver - INFO - Total Number of Scenarios:2
2018-02-20 17:15:51,343 - com.qspiders.KeyDriver - INFO - _________________________________________________________
2018-02-20 17:15:51,343 - com.qspiders.KeyDriver - WARN - Skipping scenario:Scenario1
2018-02-20 17:15:51,414 - com.qspiders.KeyDriver - INFO - ======================================================
2018-02-20 17:15:51,414 - com.qspiders.KeyDriver - INFO - Starting scenario:Scenario2
2018-02-20 17:15:51,437 - com.qspiders.KeyDriver - INFO - StepCount:4
2018-02-20 17:15:51,501 - com.qspiders.KeyDriver - INFO - enter username
2018-02-20 17:16:11,560 - com.qspiders.FWLibrary - ERROR - FAIL:sendKeys();Element Not Found with the xpath://input[@id='username']
2018-02-20 17:16:11,651 - com.qspiders.KeyDriver - INFO - enter password
2018-02-20 17:16:31,712 - com.qspiders.FWLibrary - ERROR - FAIL:sendKeys();Element Not Found with the xpath://input[@name='pwd']
2018-02-20 17:16:31,813 - com.qspiders.KeyDriver - INFO - click login
2018-02-20 17:16:51,867 - com.qspiders.FWLibrary - ERROR - FAIL:click(): Element Not Found with the xpath://a[@id='loginButton']
2018-02-20 17:16:51,966 - com.qspiders.KeyDriver - INFO - verify err msg
2018-02-20 17:17:12,049 - com.qspiders.FWLibrary - ERROR - Element not found with xpath:(//span[@class='errormsg'])[2]
2018-02-20 17:17:12,049 - com.qspiders.KeyDriver - INFO - Ending scenario:Scenario2
2018-02-20 17:17:12,049 - com.qspiders.KeyDriver - INFO - !!!! Execution Status of above scenario:FAIL !!!!
2018-02-20 17:17:12,049 - com.qspiders.KeyDriver - INFO - ======================================================
2018-02-20 17:17:12,794 - com.qspiders.KeyDriver - INFO - Total Pass:0 ; Total Fail:1 ; Total Skip:1
2018-02-20 17:17:12,794 - com.qspiders.KeyDriver - INFO - **********************Ending Frame Work**********************
